[debug] [2021-06-20T21:20:04.638Z] ----------------------------------------------------------------------
[debug] [2021-06-20T21:20:04.640Z] Command:       D:\Program Files\nodejs\node.exe D:\Program Files\nodejs\node_modules\firebase-tools\lib\bin\firebase.js init
[debug] [2021-06-20T21:20:04.640Z] CLI Version:   9.10.0
[debug] [2021-06-20T21:20:04.640Z] Platform:      win32
[debug] [2021-06-20T21:20:04.640Z] Node Version:  v14.16.1
[debug] [2021-06-20T21:20:04.641Z] Time:          Sun Jun 20 2021 16:20:04 GMT-0500 (hora estándar de Perú)
[debug] [2021-06-20T21:20:04.641Z] ----------------------------------------------------------------------
[debug] 
[debug] [2021-06-20T21:20:04.660Z] > command requires scopes: ["email","openid","https://www.googleapis.com/auth/cloudplatformprojects.readonly","https://www.googleapis.com/auth/firebase","https://www.googleapis.com/auth/cloud-platform"]
[debug] [2021-06-20T21:20:04.660Z] > authorizing via signed-in user (diego.vilca@unmsm.edu.pe)
[info] 
     ######## #### ########  ######## ########     ###     ######  ########
     ##        ##  ##     ## ##       ##     ##  ##   ##  ##       ##
     ######    ##  ########  ######   ########  #########  ######  ######
     ##        ##  ##    ##  ##       ##     ## ##     ##       ## ##
     ##       #### ##     ## ######## ########  ##     ##  ######  ########

You're about to initialize a Firebase project in this directory:

  D:\WorkSpacePersonal\WorkSpace Web\Development projects\mfp-frontend-react

Before we get started, keep in mind:

  * You are initializing in an existing Firebase project directory

